2020-11-02 00:47:16,311 INFO 22336 [egg-schedule]: register schedule C:\Users\Administrator\Desktop\meishi\egg-mysql\node_modules\_egg-multipart@2.10.3@egg-multipart\app\schedule\clean_tmpdir.js
2020-11-02 00:47:16,311 INFO 22336 [egg-schedule]: register schedule C:\Users\Administrator\Desktop\meishi\egg-mysql\node_modules\_egg-logrotator@3.1.0@egg-logrotator\app\schedule\clean_log.js
2020-11-02 00:47:16,312 INFO 22336 [egg-schedule]: register schedule C:\Users\Administrator\Desktop\meishi\egg-mysql\node_modules\_egg-logrotator@3.1.0@egg-logrotator\app\schedule\rotate_by_file.js
2020-11-02 00:47:20,587 INFO 11388 [egg-schedule]: register schedule C:\Users\Administrator\Desktop\meishi\egg-mysql\node_modules\_egg-multipart@2.10.3@egg-multipart\app\schedule\clean_tmpdir.js
2020-11-02 00:47:20,587 INFO 11388 [egg-schedule]: register schedule C:\Users\Administrator\Desktop\meishi\egg-mysql\node_modules\_egg-logrotator@3.1.0@egg-logrotator\app\schedule\clean_log.js
2020-11-02 00:47:20,587 INFO 11388 [egg-schedule]: register schedule C:\Users\Administrator\Desktop\meishi\egg-mysql\node_modules\_egg-logrotator@3.1.0@egg-logrotator\app\schedule\rotate_by_file.js
2020-11-02 01:47:23,601 INFO 6980 [egg-schedule]: register schedule C:\Users\Administrator\Desktop\meishi\egg-mysql\node_modules\_egg-multipart@2.10.3@egg-multipart\app\schedule\clean_tmpdir.js
2020-11-02 01:47:23,601 INFO 6980 [egg-schedule]: register schedule C:\Users\Administrator\Desktop\meishi\egg-mysql\node_modules\_egg-logrotator@3.1.0@egg-logrotator\app\schedule\clean_log.js
2020-11-02 01:47:23,601 INFO 6980 [egg-schedule]: register schedule C:\Users\Administrator\Desktop\meishi\egg-mysql\node_modules\_egg-logrotator@3.1.0@egg-logrotator\app\schedule\rotate_by_file.js
2020-11-02 01:47:28,362 INFO 25020 [egg-schedule]: register schedule C:\Users\Administrator\Desktop\meishi\egg-mysql\node_modules\_egg-multipart@2.10.3@egg-multipart\app\schedule\clean_tmpdir.js
2020-11-02 01:47:28,362 INFO 25020 [egg-schedule]: register schedule C:\Users\Administrator\Desktop\meishi\egg-mysql\node_modules\_egg-logrotator@3.1.0@egg-logrotator\app\schedule\clean_log.js
2020-11-02 01:47:28,362 INFO 25020 [egg-schedule]: register schedule C:\Users\Administrator\Desktop\meishi\egg-mysql\node_modules\_egg-logrotator@3.1.0@egg-logrotator\app\schedule\rotate_by_file.js
2020-11-02 09:11:14,156 INFO 14140 [egg-schedule]: register schedule C:\Users\Administrator\Desktop\meishi\egg-mysql\node_modules\_egg-multipart@2.10.3@egg-multipart\app\schedule\clean_tmpdir.js
2020-11-02 09:11:14,156 INFO 14140 [egg-schedule]: register schedule C:\Users\Administrator\Desktop\meishi\egg-mysql\node_modules\_egg-logrotator@3.1.0@egg-logrotator\app\schedule\clean_log.js
2020-11-02 09:11:14,156 INFO 14140 [egg-schedule]: register schedule C:\Users\Administrator\Desktop\meishi\egg-mysql\node_modules\_egg-logrotator@3.1.0@egg-logrotator\app\schedule\rotate_by_file.js
2020-11-02 09:11:15,108 INFO 17100 [Timer] C:\Users\Administrator\Desktop\meishi\egg-mysql\node_modules\_egg-multipart@2.10.3@egg-multipart\app\schedule\clean_tmpdir.js next time will execute after 69524904ms at 2020-11-03 04:30:00.012
2020-11-02 09:11:15,109 INFO 17100 [Timer] C:\Users\Administrator\Desktop\meishi\egg-mysql\node_modules\_egg-logrotator@3.1.0@egg-logrotator\app\schedule\clean_log.js next time will execute after 53324891ms at 2020-11-03 00:00:00.000
2020-11-02 09:11:15,109 INFO 17100 [Timer] C:\Users\Administrator\Desktop\meishi\egg-mysql\node_modules\_egg-logrotator@3.1.0@egg-logrotator\app\schedule\rotate_by_file.js next time will execute after 53325891ms at 2020-11-03 00:00:01.000
2020-11-02 09:31:35,182 INFO 9832 [egg-schedule]: register schedule C:\Users\Administrator\Desktop\meishi\egg-mysql\node_modules\_egg-multipart@2.10.3@egg-multipart\app\schedule\clean_tmpdir.js
2020-11-02 09:31:35,182 INFO 9832 [egg-schedule]: register schedule C:\Users\Administrator\Desktop\meishi\egg-mysql\node_modules\_egg-logrotator@3.1.0@egg-logrotator\app\schedule\clean_log.js
2020-11-02 09:31:35,182 INFO 9832 [egg-schedule]: register schedule C:\Users\Administrator\Desktop\meishi\egg-mysql\node_modules\_egg-logrotator@3.1.0@egg-logrotator\app\schedule\rotate_by_file.js
2020-11-02 09:45:07,768 INFO 9260 [Timer] C:\Users\Administrator\Desktop\meishi\egg-mysql\node_modules\_egg-multipart@2.10.3@egg-multipart\app\schedule\clean_tmpdir.js next time will execute after 67492235ms at 2020-11-03 04:30:00.003
2020-11-02 09:45:07,768 INFO 9260 [Timer] C:\Users\Administrator\Desktop\meishi\egg-mysql\node_modules\_egg-logrotator@3.1.0@egg-logrotator\app\schedule\clean_log.js next time will execute after 51292232ms at 2020-11-03 00:00:00.000
2020-11-02 09:45:07,769 INFO 9260 [Timer] C:\Users\Administrator\Desktop\meishi\egg-mysql\node_modules\_egg-logrotator@3.1.0@egg-logrotator\app\schedule\rotate_by_file.js next time will execute after 51293232ms at 2020-11-03 00:00:01.001
2020-11-02 09:45:07,092 INFO 9532 [egg-schedule]: register schedule C:\Users\Administrator\Desktop\meishi\egg-mysql\node_modules\_egg-multipart@2.10.3@egg-multipart\app\schedule\clean_tmpdir.js
2020-11-02 09:45:07,092 INFO 9532 [egg-schedule]: register schedule C:\Users\Administrator\Desktop\meishi\egg-mysql\node_modules\_egg-logrotator@3.1.0@egg-logrotator\app\schedule\clean_log.js
2020-11-02 09:45:07,092 INFO 9532 [egg-schedule]: register schedule C:\Users\Administrator\Desktop\meishi\egg-mysql\node_modules\_egg-logrotator@3.1.0@egg-logrotator\app\schedule\rotate_by_file.js
2020-11-02 09:50:15,657 INFO 1868 [egg-schedule]: register schedule C:\Users\Administrator\Desktop\meishi\egg-mysql\node_modules\_egg-multipart@2.10.3@egg-multipart\app\schedule\clean_tmpdir.js
2020-11-02 09:50:15,657 INFO 1868 [egg-schedule]: register schedule C:\Users\Administrator\Desktop\meishi\egg-mysql\node_modules\_egg-logrotator@3.1.0@egg-logrotator\app\schedule\clean_log.js
2020-11-02 09:50:15,657 INFO 1868 [egg-schedule]: register schedule C:\Users\Administrator\Desktop\meishi\egg-mysql\node_modules\_egg-logrotator@3.1.0@egg-logrotator\app\schedule\rotate_by_file.js
2020-11-02 09:50:16,365 INFO 16952 [Timer] C:\Users\Administrator\Desktop\meishi\egg-mysql\node_modules\_egg-multipart@2.10.3@egg-multipart\app\schedule\clean_tmpdir.js next time will execute after 67183638ms at 2020-11-03 04:30:00.003
2020-11-02 09:50:16,365 INFO 16952 [Timer] C:\Users\Administrator\Desktop\meishi\egg-mysql\node_modules\_egg-logrotator@3.1.0@egg-logrotator\app\schedule\clean_log.js next time will execute after 50983635ms at 2020-11-03 00:00:00.000
2020-11-02 09:50:16,366 INFO 16952 [Timer] C:\Users\Administrator\Desktop\meishi\egg-mysql\node_modules\_egg-logrotator@3.1.0@egg-logrotator\app\schedule\rotate_by_file.js next time will execute after 50984635ms at 2020-11-03 00:00:01.001
