2020-10-31 19:16:37,551 ERROR 10276 [-/::1/-/225ms POST /reg] nodejs.ER_DATA_TOO_LONGError: ER_DATA_TOO_LONG: Data too long for column 'username' at row 1
    at Query.Sequence._packetToError (C:\Users\Administrator\Desktop\meishi\egg-mysql\node_modules\_mysql@2.18.1@mysql\lib\protocol\sequences\Sequence.js:47:14)
    at Query.ErrorPacket (C:\Users\Administrator\Desktop\meishi\egg-mysql\node_modules\_mysql@2.18.1@mysql\lib\protocol\sequences\Query.js:79:18)
    at Protocol._parsePacket (C:\Users\Administrator\Desktop\meishi\egg-mysql\node_modules\_mysql@2.18.1@mysql\lib\protocol\Protocol.js:291:23)
    at Parser._parsePacket (C:\Users\Administrator\Desktop\meishi\egg-mysql\node_modules\_mysql@2.18.1@mysql\lib\protocol\Parser.js:433:10)
    at Parser.write (C:\Users\Administrator\Desktop\meishi\egg-mysql\node_modules\_mysql@2.18.1@mysql\lib\protocol\Parser.js:43:10)
    at Protocol.write (C:\Users\Administrator\Desktop\meishi\egg-mysql\node_modules\_mysql@2.18.1@mysql\lib\protocol\Protocol.js:38:16)
    at Socket.<anonymous> (C:\Users\Administrator\Desktop\meishi\egg-mysql\node_modules\_mysql@2.18.1@mysql\lib\Connection.js:88:28)
    at Socket.<anonymous> (C:\Users\Administrator\Desktop\meishi\egg-mysql\node_modules\_mysql@2.18.1@mysql\lib\Connection.js:526:10)
    at Socket.emit (events.js:315:20)
    at addChunk (_stream_readable.js:295:12)
    --------------------
    at Pool.query (C:\Users\Administrator\Desktop\meishi\egg-mysql\node_modules\_mysql@2.18.1@mysql\lib\Pool.js:199:23)
    at C:\Users\Administrator\Desktop\meishi\egg-mysql\node_modules\_pify@2.3.0@pify\index.js:29:7
    at new Promise (<anonymous>)
    at Pool.<anonymous> (C:\Users\Administrator\Desktop\meishi\egg-mysql\node_modules\_pify@2.3.0@pify\index.js:12:10)
    at Pool.ret [as query] (C:\Users\Administrator\Desktop\meishi\egg-mysql\node_modules\_pify@2.3.0@pify\index.js:56:34)
    at RDSClient.proto._query (C:\Users\Administrator\Desktop\meishi\egg-mysql\node_modules\_ali-rds@3.4.0@ali-rds\lib\client.js:38:20)
    at RDSClient.proto.query (C:\Users\Administrator\Desktop\meishi\egg-mysql\node_modules\_ali-rds@3.4.0@ali-rds\lib\operator.js:54:29)
    at proto.query.next (<anonymous>)
    at onFulfilled (C:\Users\Administrator\Desktop\meishi\egg-mysql\node_modules\_co@4.6.0@co\index.js:65:19)
    at C:\Users\Administrator\Desktop\meishi\egg-mysql\node_modules\_co@4.6.0@co\index.js:54:5
    sql: insert into user(username,passwd,ip,addtimes) values('13118500607','zzz111','::1',NOW())
code: "ER_DATA_TOO_LONG"
errno: 1406
sqlMessage: "Data too long for column 'username' at row 1"
sqlState: "22001"
index: 0
sql: "insert into user(username,passwd,ip,addtimes) values('13118500607','zzz111','::1',NOW())"
headers: {"Access-Control-Allow-Origin":"*","Access-Control-Allow-Credentials":"true","vary":"Origin"}
name: "ER_DATA_TOO_LONGError"
pid: 10276
hostname: USER-20170826XD

2020-11-01 02:10:41,132 ERROR 10688 [-/::1/-/69ms POST /login] nodejs.ReferenceError: result is not defined
    at RegLoginController.userlogin (C:\Users\Administrator\Desktop\meishi\egg-mysql\app\controller\reglogin.js:44:11)
    at processTicksAndRejections (internal/process/task_queues.js:97:5)
    at async C:\Users\Administrator\Desktop\meishi\egg-mysql\node_modules\_egg-development@2.7.0@egg-development\app\middleware\egg_loader_trace.js:9:50
    at async xframe (C:\Users\Administrator\Desktop\meishi\egg-mysql\node_modules\_egg-security@2.8.0@egg-security\lib\middlewares\xframe.js:7:5)
    at async xssProtection (C:\Users\Administrator\Desktop\meishi\egg-mysql\node_modules\_egg-security@2.8.0@egg-security\lib\middlewares\xssProtection.js:7:5)
    at async nosniff (C:\Users\Administrator\Desktop\meishi\egg-mysql\node_modules\_egg-security@2.8.0@egg-security\lib\middlewares\nosniff.js:8:5)
    at async noopen (C:\Users\Administrator\Desktop\meishi\egg-mysql\node_modules\_egg-security@2.8.0@egg-security\lib\middlewares\noopen.js:8:5)
    at async session (C:\Users\Administrator\Desktop\meishi\egg-mysql\node_modules\_koa-session@6.1.0@koa-session\index.js:41:7)
    at async bodyParser (C:\Users\Administrator\Desktop\meishi\egg-mysql\node_modules\_koa-bodyparser@4.3.0@koa-bodyparser\index.js:95:5)
    at async C:\Users\Administrator\Desktop\meishi\egg-mysql\node_modules\_koa-static-cache@5.1.4@koa-static-cache\index.js:39:63
headers: {"Access-Control-Allow-Origin":"*","Access-Control-Allow-Credentials":"true","vary":"Origin"}
pid: 10688
hostname: USER-20170826XD

2020-11-01 02:10:41,990 ERROR 10688 [-/::1/-/2ms POST /login] nodejs.ReferenceError: result is not defined
    at RegLoginController.userlogin (C:\Users\Administrator\Desktop\meishi\egg-mysql\app\controller\reglogin.js:44:11)
    at processTicksAndRejections (internal/process/task_queues.js:97:5)
    at async C:\Users\Administrator\Desktop\meishi\egg-mysql\node_modules\_egg-development@2.7.0@egg-development\app\middleware\egg_loader_trace.js:9:50
    at async xframe (C:\Users\Administrator\Desktop\meishi\egg-mysql\node_modules\_egg-security@2.8.0@egg-security\lib\middlewares\xframe.js:7:5)
    at async xssProtection (C:\Users\Administrator\Desktop\meishi\egg-mysql\node_modules\_egg-security@2.8.0@egg-security\lib\middlewares\xssProtection.js:7:5)
    at async nosniff (C:\Users\Administrator\Desktop\meishi\egg-mysql\node_modules\_egg-security@2.8.0@egg-security\lib\middlewares\nosniff.js:8:5)
    at async noopen (C:\Users\Administrator\Desktop\meishi\egg-mysql\node_modules\_egg-security@2.8.0@egg-security\lib\middlewares\noopen.js:8:5)
    at async session (C:\Users\Administrator\Desktop\meishi\egg-mysql\node_modules\_koa-session@6.1.0@koa-session\index.js:41:7)
    at async bodyParser (C:\Users\Administrator\Desktop\meishi\egg-mysql\node_modules\_koa-bodyparser@4.3.0@koa-bodyparser\index.js:95:5)
    at async C:\Users\Administrator\Desktop\meishi\egg-mysql\node_modules\_koa-static-cache@5.1.4@koa-static-cache\index.js:39:63
headers: {"Access-Control-Allow-Origin":"*","Access-Control-Allow-Credentials":"true","vary":"Origin"}
pid: 10688
hostname: USER-20170826XD

2020-11-01 13:33:06,811 ERROR 22744 [-/::1/-/93ms POST /reg] nodejs.ER_NO_DEFAULT_FOR_FIELDError: ER_NO_DEFAULT_FOR_FIELD: Field 'nickname' doesn't have a default value
    at Query.Sequence._packetToError (C:\Users\Administrator\Desktop\meishi\egg-mysql\node_modules\_mysql@2.18.1@mysql\lib\protocol\sequences\Sequence.js:47:14)
    at Query.ErrorPacket (C:\Users\Administrator\Desktop\meishi\egg-mysql\node_modules\_mysql@2.18.1@mysql\lib\protocol\sequences\Query.js:79:18)
    at Protocol._parsePacket (C:\Users\Administrator\Desktop\meishi\egg-mysql\node_modules\_mysql@2.18.1@mysql\lib\protocol\Protocol.js:291:23)
    at Parser._parsePacket (C:\Users\Administrator\Desktop\meishi\egg-mysql\node_modules\_mysql@2.18.1@mysql\lib\protocol\Parser.js:433:10)
    at Parser.write (C:\Users\Administrator\Desktop\meishi\egg-mysql\node_modules\_mysql@2.18.1@mysql\lib\protocol\Parser.js:43:10)
    at Protocol.write (C:\Users\Administrator\Desktop\meishi\egg-mysql\node_modules\_mysql@2.18.1@mysql\lib\protocol\Protocol.js:38:16)
    at Socket.<anonymous> (C:\Users\Administrator\Desktop\meishi\egg-mysql\node_modules\_mysql@2.18.1@mysql\lib\Connection.js:88:28)
    at Socket.<anonymous> (C:\Users\Administrator\Desktop\meishi\egg-mysql\node_modules\_mysql@2.18.1@mysql\lib\Connection.js:526:10)
    at Socket.emit (events.js:315:20)
    at addChunk (_stream_readable.js:295:12)
    --------------------
    at Pool.query (C:\Users\Administrator\Desktop\meishi\egg-mysql\node_modules\_mysql@2.18.1@mysql\lib\Pool.js:199:23)
    at C:\Users\Administrator\Desktop\meishi\egg-mysql\node_modules\_pify@2.3.0@pify\index.js:29:7
    at new Promise (<anonymous>)
    at Pool.<anonymous> (C:\Users\Administrator\Desktop\meishi\egg-mysql\node_modules\_pify@2.3.0@pify\index.js:12:10)
    at Pool.ret [as query] (C:\Users\Administrator\Desktop\meishi\egg-mysql\node_modules\_pify@2.3.0@pify\index.js:56:34)
    at RDSClient.proto._query (C:\Users\Administrator\Desktop\meishi\egg-mysql\node_modules\_ali-rds@3.4.0@ali-rds\lib\client.js:38:20)
    at RDSClient.proto.query (C:\Users\Administrator\Desktop\meishi\egg-mysql\node_modules\_ali-rds@3.4.0@ali-rds\lib\operator.js:54:29)
    at proto.query.next (<anonymous>)
    at onFulfilled (C:\Users\Administrator\Desktop\meishi\egg-mysql\node_modules\_co@4.6.0@co\index.js:65:19)
    at C:\Users\Administrator\Desktop\meishi\egg-mysql\node_modules\_co@4.6.0@co\index.js:54:5
    sql: insert into user(username,passwd,ip,addtimes) values('15208600703','qqq111','::1',NOW())
code: "ER_NO_DEFAULT_FOR_FIELD"
errno: 1364
sqlMessage: "Field 'nickname' doesn't have a default value"
sqlState: "HY000"
index: 0
sql: "insert into user(username,passwd,ip,addtimes) values('15208600703','qqq111','::1',NOW())"
headers: {"Access-Control-Allow-Origin":"*","Access-Control-Allow-Credentials":"true","vary":"Origin"}
name: "ER_NO_DEFAULT_FOR_FIELDError"
pid: 22744
hostname: USER-20170826XD

2020-11-01 13:33:07,668 ERROR 22744 [-/::1/-/5ms POST /reg] nodejs.ER_NO_DEFAULT_FOR_FIELDError: ER_NO_DEFAULT_FOR_FIELD: Field 'nickname' doesn't have a default value
    at Query.Sequence._packetToError (C:\Users\Administrator\Desktop\meishi\egg-mysql\node_modules\_mysql@2.18.1@mysql\lib\protocol\sequences\Sequence.js:47:14)
    at Query.ErrorPacket (C:\Users\Administrator\Desktop\meishi\egg-mysql\node_modules\_mysql@2.18.1@mysql\lib\protocol\sequences\Query.js:79:18)
    at Protocol._parsePacket (C:\Users\Administrator\Desktop\meishi\egg-mysql\node_modules\_mysql@2.18.1@mysql\lib\protocol\Protocol.js:291:23)
    at Parser._parsePacket (C:\Users\Administrator\Desktop\meishi\egg-mysql\node_modules\_mysql@2.18.1@mysql\lib\protocol\Parser.js:433:10)
    at Parser.write (C:\Users\Administrator\Desktop\meishi\egg-mysql\node_modules\_mysql@2.18.1@mysql\lib\protocol\Parser.js:43:10)
    at Protocol.write (C:\Users\Administrator\Desktop\meishi\egg-mysql\node_modules\_mysql@2.18.1@mysql\lib\protocol\Protocol.js:38:16)
    at Socket.<anonymous> (C:\Users\Administrator\Desktop\meishi\egg-mysql\node_modules\_mysql@2.18.1@mysql\lib\Connection.js:88:28)
    at Socket.<anonymous> (C:\Users\Administrator\Desktop\meishi\egg-mysql\node_modules\_mysql@2.18.1@mysql\lib\Connection.js:526:10)
    at Socket.emit (events.js:315:20)
    at addChunk (_stream_readable.js:295:12)
    --------------------
    at Pool.query (C:\Users\Administrator\Desktop\meishi\egg-mysql\node_modules\_mysql@2.18.1@mysql\lib\Pool.js:199:23)
    at C:\Users\Administrator\Desktop\meishi\egg-mysql\node_modules\_pify@2.3.0@pify\index.js:29:7
    at new Promise (<anonymous>)
    at Pool.<anonymous> (C:\Users\Administrator\Desktop\meishi\egg-mysql\node_modules\_pify@2.3.0@pify\index.js:12:10)
    at Pool.ret [as query] (C:\Users\Administrator\Desktop\meishi\egg-mysql\node_modules\_pify@2.3.0@pify\index.js:56:34)
    at RDSClient.proto._query (C:\Users\Administrator\Desktop\meishi\egg-mysql\node_modules\_ali-rds@3.4.0@ali-rds\lib\client.js:38:20)
    at RDSClient.proto.query (C:\Users\Administrator\Desktop\meishi\egg-mysql\node_modules\_ali-rds@3.4.0@ali-rds\lib\operator.js:54:29)
    at proto.query.next (<anonymous>)
    at onFulfilled (C:\Users\Administrator\Desktop\meishi\egg-mysql\node_modules\_co@4.6.0@co\index.js:65:19)
    at C:\Users\Administrator\Desktop\meishi\egg-mysql\node_modules\_co@4.6.0@co\index.js:54:5
    sql: insert into user(username,passwd,ip,addtimes) values('15208600703','qqq111','::1',NOW())
code: "ER_NO_DEFAULT_FOR_FIELD"
errno: 1364
sqlMessage: "Field 'nickname' doesn't have a default value"
sqlState: "HY000"
index: 0
sql: "insert into user(username,passwd,ip,addtimes) values('15208600703','qqq111','::1',NOW())"
headers: {"Access-Control-Allow-Origin":"*","Access-Control-Allow-Credentials":"true","vary":"Origin"}
name: "ER_NO_DEFAULT_FOR_FIELDError"
pid: 22744
hostname: USER-20170826XD

2020-11-01 13:39:00,458 ERROR 22744 [-/undefined/-/156108ms POST /reg] nodejs.ER_NO_DEFAULT_FOR_FIELDError: ER_NO_DEFAULT_FOR_FIELD: Field 'nickname' doesn't have a default value
    at Query.Sequence._packetToError (C:\Users\Administrator\Desktop\meishi\egg-mysql\node_modules\_mysql@2.18.1@mysql\lib\protocol\sequences\Sequence.js:47:14)
    at Query.ErrorPacket (C:\Users\Administrator\Desktop\meishi\egg-mysql\node_modules\_mysql@2.18.1@mysql\lib\protocol\sequences\Query.js:79:18)
    at Protocol._parsePacket (C:\Users\Administrator\Desktop\meishi\egg-mysql\node_modules\_mysql@2.18.1@mysql\lib\protocol\Protocol.js:291:23)
    at Parser._parsePacket (C:\Users\Administrator\Desktop\meishi\egg-mysql\node_modules\_mysql@2.18.1@mysql\lib\protocol\Parser.js:433:10)
    at Parser.write (C:\Users\Administrator\Desktop\meishi\egg-mysql\node_modules\_mysql@2.18.1@mysql\lib\protocol\Parser.js:43:10)
    at Protocol.write (C:\Users\Administrator\Desktop\meishi\egg-mysql\node_modules\_mysql@2.18.1@mysql\lib\protocol\Protocol.js:38:16)
    at Socket.<anonymous> (C:\Users\Administrator\Desktop\meishi\egg-mysql\node_modules\_mysql@2.18.1@mysql\lib\Connection.js:88:28)
    at Socket.<anonymous> (C:\Users\Administrator\Desktop\meishi\egg-mysql\node_modules\_mysql@2.18.1@mysql\lib\Connection.js:526:10)
    at Socket.emit (events.js:315:20)
    at addChunk (_stream_readable.js:295:12)
    --------------------
    at Pool.query (C:\Users\Administrator\Desktop\meishi\egg-mysql\node_modules\_mysql@2.18.1@mysql\lib\Pool.js:199:23)
    at C:\Users\Administrator\Desktop\meishi\egg-mysql\node_modules\_pify@2.3.0@pify\index.js:29:7
    at new Promise (<anonymous>)
    at Pool.<anonymous> (C:\Users\Administrator\Desktop\meishi\egg-mysql\node_modules\_pify@2.3.0@pify\index.js:12:10)
    at Pool.ret [as query] (C:\Users\Administrator\Desktop\meishi\egg-mysql\node_modules\_pify@2.3.0@pify\index.js:56:34)
    at RDSClient.proto._query (C:\Users\Administrator\Desktop\meishi\egg-mysql\node_modules\_ali-rds@3.4.0@ali-rds\lib\client.js:38:20)
    at RDSClient.proto.query (C:\Users\Administrator\Desktop\meishi\egg-mysql\node_modules\_ali-rds@3.4.0@ali-rds\lib\operator.js:54:29)
    at proto.query.next (<anonymous>)
    at onFulfilled (C:\Users\Administrator\Desktop\meishi\egg-mysql\node_modules\_co@4.6.0@co\index.js:65:19)
    at C:\Users\Administrator\Desktop\meishi\egg-mysql\node_modules\_co@4.6.0@co\index.js:54:5
    sql: insert into user(username,passwd,ip,addtimes) values('15208600703','qqq111','undefined',NOW())
code: "ER_NO_DEFAULT_FOR_FIELD"
errno: 1364
sqlMessage: "Field 'nickname' doesn't have a default value"
sqlState: "HY000"
index: 0
sql: "insert into user(username,passwd,ip,addtimes) values('15208600703','qqq111','undefined',NOW())"
headers: {"Access-Control-Allow-Origin":"*","Access-Control-Allow-Credentials":"true","vary":"Origin"}
headerSent: true
name: "ER_NO_DEFAULT_FOR_FIELDError"
pid: 22744
hostname: USER-20170826XD

2020-11-01 13:39:00,486 ERROR 22744 [-/::1/-/43ms POST /reg] nodejs.ER_NO_DEFAULT_FOR_FIELDError: ER_NO_DEFAULT_FOR_FIELD: Field 'nickname' doesn't have a default value
    at Query.Sequence._packetToError (C:\Users\Administrator\Desktop\meishi\egg-mysql\node_modules\_mysql@2.18.1@mysql\lib\protocol\sequences\Sequence.js:47:14)
    at Query.ErrorPacket (C:\Users\Administrator\Desktop\meishi\egg-mysql\node_modules\_mysql@2.18.1@mysql\lib\protocol\sequences\Query.js:79:18)
    at Protocol._parsePacket (C:\Users\Administrator\Desktop\meishi\egg-mysql\node_modules\_mysql@2.18.1@mysql\lib\protocol\Protocol.js:291:23)
    at Parser._parsePacket (C:\Users\Administrator\Desktop\meishi\egg-mysql\node_modules\_mysql@2.18.1@mysql\lib\protocol\Parser.js:433:10)
    at Parser.write (C:\Users\Administrator\Desktop\meishi\egg-mysql\node_modules\_mysql@2.18.1@mysql\lib\protocol\Parser.js:43:10)
    at Protocol.write (C:\Users\Administrator\Desktop\meishi\egg-mysql\node_modules\_mysql@2.18.1@mysql\lib\protocol\Protocol.js:38:16)
    at Socket.<anonymous> (C:\Users\Administrator\Desktop\meishi\egg-mysql\node_modules\_mysql@2.18.1@mysql\lib\Connection.js:88:28)
    at Socket.<anonymous> (C:\Users\Administrator\Desktop\meishi\egg-mysql\node_modules\_mysql@2.18.1@mysql\lib\Connection.js:526:10)
    at Socket.emit (events.js:315:20)
    at addChunk (_stream_readable.js:295:12)
    --------------------
    at Pool.query (C:\Users\Administrator\Desktop\meishi\egg-mysql\node_modules\_mysql@2.18.1@mysql\lib\Pool.js:199:23)
    at C:\Users\Administrator\Desktop\meishi\egg-mysql\node_modules\_pify@2.3.0@pify\index.js:29:7
    at new Promise (<anonymous>)
    at Pool.<anonymous> (C:\Users\Administrator\Desktop\meishi\egg-mysql\node_modules\_pify@2.3.0@pify\index.js:12:10)
    at Pool.ret [as query] (C:\Users\Administrator\Desktop\meishi\egg-mysql\node_modules\_pify@2.3.0@pify\index.js:56:34)
    at RDSClient.proto._query (C:\Users\Administrator\Desktop\meishi\egg-mysql\node_modules\_ali-rds@3.4.0@ali-rds\lib\client.js:38:20)
    at RDSClient.proto.query (C:\Users\Administrator\Desktop\meishi\egg-mysql\node_modules\_ali-rds@3.4.0@ali-rds\lib\operator.js:54:29)
    at proto.query.next (<anonymous>)
    at onFulfilled (C:\Users\Administrator\Desktop\meishi\egg-mysql\node_modules\_co@4.6.0@co\index.js:65:19)
    at C:\Users\Administrator\Desktop\meishi\egg-mysql\node_modules\_co@4.6.0@co\index.js:54:5
    sql: insert into user(username,passwd,ip,addtimes) values('15208600703','qqq111','::1',NOW())
code: "ER_NO_DEFAULT_FOR_FIELD"
errno: 1364
sqlMessage: "Field 'nickname' doesn't have a default value"
sqlState: "HY000"
index: 0
sql: "insert into user(username,passwd,ip,addtimes) values('15208600703','qqq111','::1',NOW())"
headers: {"Access-Control-Allow-Origin":"*","Access-Control-Allow-Credentials":"true","vary":"Origin"}
name: "ER_NO_DEFAULT_FOR_FIELDError"
pid: 22744
hostname: USER-20170826XD

2020-11-01 13:39:00,496 ERROR 22744 [-/::1/-/44ms POST /reg] nodejs.ER_NO_DEFAULT_FOR_FIELDError: ER_NO_DEFAULT_FOR_FIELD: Field 'nickname' doesn't have a default value
    at Query.Sequence._packetToError (C:\Users\Administrator\Desktop\meishi\egg-mysql\node_modules\_mysql@2.18.1@mysql\lib\protocol\sequences\Sequence.js:47:14)
    at Query.ErrorPacket (C:\Users\Administrator\Desktop\meishi\egg-mysql\node_modules\_mysql@2.18.1@mysql\lib\protocol\sequences\Query.js:79:18)
    at Protocol._parsePacket (C:\Users\Administrator\Desktop\meishi\egg-mysql\node_modules\_mysql@2.18.1@mysql\lib\protocol\Protocol.js:291:23)
    at Parser._parsePacket (C:\Users\Administrator\Desktop\meishi\egg-mysql\node_modules\_mysql@2.18.1@mysql\lib\protocol\Parser.js:433:10)
    at Parser.write (C:\Users\Administrator\Desktop\meishi\egg-mysql\node_modules\_mysql@2.18.1@mysql\lib\protocol\Parser.js:43:10)
    at Protocol.write (C:\Users\Administrator\Desktop\meishi\egg-mysql\node_modules\_mysql@2.18.1@mysql\lib\protocol\Protocol.js:38:16)
    at Socket.<anonymous> (C:\Users\Administrator\Desktop\meishi\egg-mysql\node_modules\_mysql@2.18.1@mysql\lib\Connection.js:88:28)
    at Socket.<anonymous> (C:\Users\Administrator\Desktop\meishi\egg-mysql\node_modules\_mysql@2.18.1@mysql\lib\Connection.js:526:10)
    at Socket.emit (events.js:315:20)
    at addChunk (_stream_readable.js:295:12)
    --------------------
    at Pool.query (C:\Users\Administrator\Desktop\meishi\egg-mysql\node_modules\_mysql@2.18.1@mysql\lib\Pool.js:199:23)
    at C:\Users\Administrator\Desktop\meishi\egg-mysql\node_modules\_pify@2.3.0@pify\index.js:29:7
    at new Promise (<anonymous>)
    at Pool.<anonymous> (C:\Users\Administrator\Desktop\meishi\egg-mysql\node_modules\_pify@2.3.0@pify\index.js:12:10)
    at Pool.ret [as query] (C:\Users\Administrator\Desktop\meishi\egg-mysql\node_modules\_pify@2.3.0@pify\index.js:56:34)
    at RDSClient.proto._query (C:\Users\Administrator\Desktop\meishi\egg-mysql\node_modules\_ali-rds@3.4.0@ali-rds\lib\client.js:38:20)
    at RDSClient.proto.query (C:\Users\Administrator\Desktop\meishi\egg-mysql\node_modules\_ali-rds@3.4.0@ali-rds\lib\operator.js:54:29)
    at proto.query.next (<anonymous>)
    at onFulfilled (C:\Users\Administrator\Desktop\meishi\egg-mysql\node_modules\_co@4.6.0@co\index.js:65:19)
    at C:\Users\Administrator\Desktop\meishi\egg-mysql\node_modules\_co@4.6.0@co\index.js:54:5
    sql: insert into user(username,passwd,ip,addtimes) values('15208600703','qqq111','::1',NOW())
code: "ER_NO_DEFAULT_FOR_FIELD"
errno: 1364
sqlMessage: "Field 'nickname' doesn't have a default value"
sqlState: "HY000"
index: 0
sql: "insert into user(username,passwd,ip,addtimes) values('15208600703','qqq111','::1',NOW())"
headers: {"Access-Control-Allow-Origin":"*","Access-Control-Allow-Credentials":"true","vary":"Origin"}
name: "ER_NO_DEFAULT_FOR_FIELDError"
pid: 22744
hostname: USER-20170826XD

2020-11-01 13:39:27,685 ERROR 18688 [-/::1/-/39ms POST /reg] nodejs.ReferenceError: result is not defined
    at RegLoginService.regfindNickname (C:\Users\Administrator\Desktop\meishi\egg-mysql\app\service\reglogin.js:9:15)
    at processTicksAndRejections (internal/process/task_queues.js:97:5)
    at async RegLoginController.reg (C:\Users\Administrator\Desktop\meishi\egg-mysql\app\controller\reglogin.js:13:19)
    at async C:\Users\Administrator\Desktop\meishi\egg-mysql\node_modules\_egg-development@2.7.0@egg-development\app\middleware\egg_loader_trace.js:9:50
    at async xframe (C:\Users\Administrator\Desktop\meishi\egg-mysql\node_modules\_egg-security@2.8.0@egg-security\lib\middlewares\xframe.js:7:5)
    at async xssProtection (C:\Users\Administrator\Desktop\meishi\egg-mysql\node_modules\_egg-security@2.8.0@egg-security\lib\middlewares\xssProtection.js:7:5)
    at async nosniff (C:\Users\Administrator\Desktop\meishi\egg-mysql\node_modules\_egg-security@2.8.0@egg-security\lib\middlewares\nosniff.js:8:5)
    at async noopen (C:\Users\Administrator\Desktop\meishi\egg-mysql\node_modules\_egg-security@2.8.0@egg-security\lib\middlewares\noopen.js:8:5)
    at async session (C:\Users\Administrator\Desktop\meishi\egg-mysql\node_modules\_koa-session@6.1.0@koa-session\index.js:41:7)
    at async bodyParser (C:\Users\Administrator\Desktop\meishi\egg-mysql\node_modules\_koa-bodyparser@4.3.0@koa-bodyparser\index.js:95:5)
headers: {"Access-Control-Allow-Origin":"*","Access-Control-Allow-Credentials":"true","vary":"Origin"}
pid: 18688
hostname: USER-20170826XD

2020-11-01 13:40:02,255 ERROR 19568 [-/::1/-/28ms POST /reg] nodejs.ReferenceError: result is not defined
    at RegLoginService.regfindNickname (C:\Users\Administrator\Desktop\meishi\egg-mysql\app\service\reglogin.js:9:15)
    at processTicksAndRejections (internal/process/task_queues.js:97:5)
    at async RegLoginController.reg (C:\Users\Administrator\Desktop\meishi\egg-mysql\app\controller\reglogin.js:13:19)
    at async C:\Users\Administrator\Desktop\meishi\egg-mysql\node_modules\_egg-development@2.7.0@egg-development\app\middleware\egg_loader_trace.js:9:50
    at async xframe (C:\Users\Administrator\Desktop\meishi\egg-mysql\node_modules\_egg-security@2.8.0@egg-security\lib\middlewares\xframe.js:7:5)
    at async xssProtection (C:\Users\Administrator\Desktop\meishi\egg-mysql\node_modules\_egg-security@2.8.0@egg-security\lib\middlewares\xssProtection.js:7:5)
    at async nosniff (C:\Users\Administrator\Desktop\meishi\egg-mysql\node_modules\_egg-security@2.8.0@egg-security\lib\middlewares\nosniff.js:8:5)
    at async noopen (C:\Users\Administrator\Desktop\meishi\egg-mysql\node_modules\_egg-security@2.8.0@egg-security\lib\middlewares\noopen.js:8:5)
    at async session (C:\Users\Administrator\Desktop\meishi\egg-mysql\node_modules\_koa-session@6.1.0@koa-session\index.js:41:7)
    at async bodyParser (C:\Users\Administrator\Desktop\meishi\egg-mysql\node_modules\_koa-bodyparser@4.3.0@koa-bodyparser\index.js:95:5)
headers: {"Access-Control-Allow-Origin":"*","Access-Control-Allow-Credentials":"true","vary":"Origin"}
pid: 19568
hostname: USER-20170826XD

2020-11-01 13:40:24,951 ERROR 26032 [-/::1/-/30ms POST /reg] nodejs.ReferenceError: result is not defined
    at RegLoginService.regfindNickname (C:\Users\Administrator\Desktop\meishi\egg-mysql\app\service\reglogin.js:9:15)
    at processTicksAndRejections (internal/process/task_queues.js:97:5)
    at async RegLoginController.reg (C:\Users\Administrator\Desktop\meishi\egg-mysql\app\controller\reglogin.js:13:19)
    at async C:\Users\Administrator\Desktop\meishi\egg-mysql\node_modules\_egg-development@2.7.0@egg-development\app\middleware\egg_loader_trace.js:9:50
    at async xframe (C:\Users\Administrator\Desktop\meishi\egg-mysql\node_modules\_egg-security@2.8.0@egg-security\lib\middlewares\xframe.js:7:5)
    at async xssProtection (C:\Users\Administrator\Desktop\meishi\egg-mysql\node_modules\_egg-security@2.8.0@egg-security\lib\middlewares\xssProtection.js:7:5)
    at async nosniff (C:\Users\Administrator\Desktop\meishi\egg-mysql\node_modules\_egg-security@2.8.0@egg-security\lib\middlewares\nosniff.js:8:5)
    at async noopen (C:\Users\Administrator\Desktop\meishi\egg-mysql\node_modules\_egg-security@2.8.0@egg-security\lib\middlewares\noopen.js:8:5)
    at async session (C:\Users\Administrator\Desktop\meishi\egg-mysql\node_modules\_koa-session@6.1.0@koa-session\index.js:41:7)
    at async bodyParser (C:\Users\Administrator\Desktop\meishi\egg-mysql\node_modules\_koa-bodyparser@4.3.0@koa-bodyparser\index.js:95:5)
headers: {"Access-Control-Allow-Origin":"*","Access-Control-Allow-Credentials":"true","vary":"Origin"}
pid: 26032
hostname: USER-20170826XD

2020-11-01 13:41:07,134 ERROR 16500 [-/::1/-/35ms POST /reg] nodejs.TypeError: Cannot set property 'regcode' of null
    at RegLoginService.regfindName (C:\Users\Administrator\Desktop\meishi\egg-mysql\app\service\reglogin.js:25:19)
    at processTicksAndRejections (internal/process/task_queues.js:97:5)
    at async RegLoginController.reg (C:\Users\Administrator\Desktop\meishi\egg-mysql\app\controller\reglogin.js:14:18)
    at async C:\Users\Administrator\Desktop\meishi\egg-mysql\node_modules\_egg-development@2.7.0@egg-development\app\middleware\egg_loader_trace.js:9:50
    at async xframe (C:\Users\Administrator\Desktop\meishi\egg-mysql\node_modules\_egg-security@2.8.0@egg-security\lib\middlewares\xframe.js:7:5)
    at async xssProtection (C:\Users\Administrator\Desktop\meishi\egg-mysql\node_modules\_egg-security@2.8.0@egg-security\lib\middlewares\xssProtection.js:7:5)
    at async nosniff (C:\Users\Administrator\Desktop\meishi\egg-mysql\node_modules\_egg-security@2.8.0@egg-security\lib\middlewares\nosniff.js:8:5)
    at async noopen (C:\Users\Administrator\Desktop\meishi\egg-mysql\node_modules\_egg-security@2.8.0@egg-security\lib\middlewares\noopen.js:8:5)
    at async session (C:\Users\Administrator\Desktop\meishi\egg-mysql\node_modules\_koa-session@6.1.0@koa-session\index.js:41:7)
    at async bodyParser (C:\Users\Administrator\Desktop\meishi\egg-mysql\node_modules\_koa-bodyparser@4.3.0@koa-bodyparser\index.js:95:5)
headers: {"Access-Control-Allow-Origin":"*","Access-Control-Allow-Credentials":"true","vary":"Origin"}
pid: 16500
hostname: USER-20170826XD

2020-11-01 13:41:52,147 ERROR 16264 [-/::1/-/35ms POST /reg] nodejs.TypeError: Cannot set property 'regcode' of null
    at RegLoginService.regfindName (C:\Users\Administrator\Desktop\meishi\egg-mysql\app\service\reglogin.js:24:19)
    at processTicksAndRejections (internal/process/task_queues.js:97:5)
    at async RegLoginController.reg (C:\Users\Administrator\Desktop\meishi\egg-mysql\app\controller\reglogin.js:14:18)
    at async C:\Users\Administrator\Desktop\meishi\egg-mysql\node_modules\_egg-development@2.7.0@egg-development\app\middleware\egg_loader_trace.js:9:50
    at async xframe (C:\Users\Administrator\Desktop\meishi\egg-mysql\node_modules\_egg-security@2.8.0@egg-security\lib\middlewares\xframe.js:7:5)
    at async xssProtection (C:\Users\Administrator\Desktop\meishi\egg-mysql\node_modules\_egg-security@2.8.0@egg-security\lib\middlewares\xssProtection.js:7:5)
    at async nosniff (C:\Users\Administrator\Desktop\meishi\egg-mysql\node_modules\_egg-security@2.8.0@egg-security\lib\middlewares\nosniff.js:8:5)
    at async noopen (C:\Users\Administrator\Desktop\meishi\egg-mysql\node_modules\_egg-security@2.8.0@egg-security\lib\middlewares\noopen.js:8:5)
    at async session (C:\Users\Administrator\Desktop\meishi\egg-mysql\node_modules\_koa-session@6.1.0@koa-session\index.js:41:7)
    at async bodyParser (C:\Users\Administrator\Desktop\meishi\egg-mysql\node_modules\_koa-bodyparser@4.3.0@koa-bodyparser\index.js:95:5)
headers: {"Access-Control-Allow-Origin":"*","Access-Control-Allow-Credentials":"true","vary":"Origin"}
pid: 16264
hostname: USER-20170826XD

2020-11-01 13:44:00,810 ERROR 7860 [-/::1/-/45ms POST /reg] nodejs.TypeError: Cannot set property 'regcode' of null
    at RegLoginService.regfindName (C:\Users\Administrator\Desktop\meishi\egg-mysql\app\service\reglogin.js:26:19)
    at processTicksAndRejections (internal/process/task_queues.js:97:5)
    at async RegLoginController.reg (C:\Users\Administrator\Desktop\meishi\egg-mysql\app\controller\reglogin.js:14:18)
    at async C:\Users\Administrator\Desktop\meishi\egg-mysql\node_modules\_egg-development@2.7.0@egg-development\app\middleware\egg_loader_trace.js:9:50
    at async xframe (C:\Users\Administrator\Desktop\meishi\egg-mysql\node_modules\_egg-security@2.8.0@egg-security\lib\middlewares\xframe.js:7:5)
    at async xssProtection (C:\Users\Administrator\Desktop\meishi\egg-mysql\node_modules\_egg-security@2.8.0@egg-security\lib\middlewares\xssProtection.js:7:5)
    at async nosniff (C:\Users\Administrator\Desktop\meishi\egg-mysql\node_modules\_egg-security@2.8.0@egg-security\lib\middlewares\nosniff.js:8:5)
    at async noopen (C:\Users\Administrator\Desktop\meishi\egg-mysql\node_modules\_egg-security@2.8.0@egg-security\lib\middlewares\noopen.js:8:5)
    at async session (C:\Users\Administrator\Desktop\meishi\egg-mysql\node_modules\_koa-session@6.1.0@koa-session\index.js:41:7)
    at async bodyParser (C:\Users\Administrator\Desktop\meishi\egg-mysql\node_modules\_koa-bodyparser@4.3.0@koa-bodyparser\index.js:95:5)
headers: {"Access-Control-Allow-Origin":"*","Access-Control-Allow-Credentials":"true","vary":"Origin"}
pid: 7860
hostname: USER-20170826XD

2020-11-01 13:44:53,444 ERROR 16328 [-/::1/-/45ms POST /reg] nodejs.TypeError: Cannot set property 'sta' of null
    at RegLoginService.regfindNickname (C:\Users\Administrator\Desktop\meishi\egg-mysql\app\service\reglogin.js:11:15)
    at processTicksAndRejections (internal/process/task_queues.js:97:5)
    at async RegLoginController.reg (C:\Users\Administrator\Desktop\meishi\egg-mysql\app\controller\reglogin.js:13:19)
    at async C:\Users\Administrator\Desktop\meishi\egg-mysql\node_modules\_egg-development@2.7.0@egg-development\app\middleware\egg_loader_trace.js:9:50
    at async xframe (C:\Users\Administrator\Desktop\meishi\egg-mysql\node_modules\_egg-security@2.8.0@egg-security\lib\middlewares\xframe.js:7:5)
    at async xssProtection (C:\Users\Administrator\Desktop\meishi\egg-mysql\node_modules\_egg-security@2.8.0@egg-security\lib\middlewares\xssProtection.js:7:5)
    at async nosniff (C:\Users\Administrator\Desktop\meishi\egg-mysql\node_modules\_egg-security@2.8.0@egg-security\lib\middlewares\nosniff.js:8:5)
    at async noopen (C:\Users\Administrator\Desktop\meishi\egg-mysql\node_modules\_egg-security@2.8.0@egg-security\lib\middlewares\noopen.js:8:5)
    at async session (C:\Users\Administrator\Desktop\meishi\egg-mysql\node_modules\_koa-session@6.1.0@koa-session\index.js:41:7)
    at async bodyParser (C:\Users\Administrator\Desktop\meishi\egg-mysql\node_modules\_koa-bodyparser@4.3.0@koa-bodyparser\index.js:95:5)
headers: {"Access-Control-Allow-Origin":"*","Access-Control-Allow-Credentials":"true","vary":"Origin"}
pid: 16328
hostname: USER-20170826XD

